<?xml version="1.0" encoding="UTF-8"?>
<!-- Generated by org.testng.reporters.JUnitReportReporter -->
<testsuite skipped="0" hostname="Rahuls-MacBook-Pro.local" name="testCases.TestCustomizeWebPage" tests="3" failures="0" timestamp="2020-07-21T22:38:51 IST" time="4.985" errors="0">
  <testcase name="verifyUserIsAbleToSelectJapan" time="1.510" classname="testCases.TestCustomizeWebPage"/>
  <system-out/>
  <testcase name="verifyUserIsAbleToSelectSeleniumFromDropDown" time="1.493" classname="testCases.TestCustomizeWebPage"/>
  <system-out/>
  <testcase name="verifyUserIsAbleToFemaleCheckBox" time="1.982" classname="testCases.TestCustomizeWebPage"/>
  <system-out/>
</testsuite> <!-- testCases.TestCustomizeWebPage -->
